h:\cpp_projects\peviewer\peviewer\debug\vc143.pdb
h:\cpp_projects\peviewer\peviewer\debug\vc143.idb
h:\cpp_projects\peviewer\peviewer\debug\peviewer.obj
h:\cpp_projects\peviewer\peviewer\debug\petool.obj
h:\cpp_projects\peviewer\peviewer\debug\pedlg.obj
h:\cpp_projects\peviewer\peviewer\debug\maindlg.obj
h:\cpp_projects\peviewer\peviewer\debug\sectiondlg.obj
h:\cpp_projects\peviewer\peviewer\debug\directorydlg.obj
h:\cpp_projects\peviewer\peviewer\debug\peviewer.res
h:\cpp_projects\peviewer\peviewer\debug\pedlg.obj.enc
h:\cpp_projects\peviewer\debug\peviewer.pdb
h:\cpp_projects\peviewer\peviewer\debug\peviewer.tlog\cl.command.1.tlog
h:\cpp_projects\peviewer\peviewer\debug\peviewer.tlog\cl.read.1.tlog
h:\cpp_projects\peviewer\peviewer\debug\peviewer.tlog\cl.write.1.tlog
h:\cpp_projects\peviewer\peviewer\debug\peviewer.tlog\link-cvtres.read.1.tlog
h:\cpp_projects\peviewer\peviewer\debug\peviewer.tlog\link-cvtres.write.1.tlog
h:\cpp_projects\peviewer\peviewer\debug\peviewer.tlog\link-rc.read.1.tlog
h:\cpp_projects\peviewer\peviewer\debug\peviewer.tlog\link-rc.write.1.tlog
h:\cpp_projects\peviewer\peviewer\debug\peviewer.tlog\link.20104-cvtres.read.1.tlog
h:\cpp_projects\peviewer\peviewer\debug\peviewer.tlog\link.20104-cvtres.write.1.tlog
h:\cpp_projects\peviewer\peviewer\debug\peviewer.tlog\link.20104-rc.read.1.tlog
h:\cpp_projects\peviewer\peviewer\debug\peviewer.tlog\link.20104-rc.write.1.tlog
h:\cpp_projects\peviewer\peviewer\debug\peviewer.tlog\link.20104.read.1.tlog
h:\cpp_projects\peviewer\peviewer\debug\peviewer.tlog\link.20104.write.1.tlog
h:\cpp_projects\peviewer\peviewer\debug\peviewer.tlog\link.command.1.tlog
h:\cpp_projects\peviewer\peviewer\debug\peviewer.tlog\link.read.1.tlog
h:\cpp_projects\peviewer\peviewer\debug\peviewer.tlog\link.write.1.tlog
h:\cpp_projects\peviewer\peviewer\debug\peviewer.tlog\rc.command.1.tlog
h:\cpp_projects\peviewer\peviewer\debug\peviewer.tlog\rc.read.1.tlog
h:\cpp_projects\peviewer\peviewer\debug\peviewer.tlog\rc.write.1.tlog
